Determining if the pthread_create exist failed with the following output:
Change Dir: /root/catkin_cartographer/protobuf/build/CMakeFiles/CMakeTmp

Run Build Command:"/usr/bin/ninja" "cmTC_f3071"
[1/2] Building C object CMakeFiles/cmTC_f3071.dir/CheckSymbolExists.c.o
[2/2] Linking C executable cmTC_f3071
FAILED: : && /usr/bin/cc     CMakeFiles/cmTC_f3071.dir/CheckSymbolExists.c.o  -o cmTC_f3071  -rdynamic && :
CMakeFiles/cmTC_f3071.dir/CheckSymbolExists.c.o: In function `main':
CheckSymbolExists.c:(.text+0x1b): undefined reference to `pthread_create'
collect2: error: ld returned 1 exit status
ninja: build stopped: subcommand failed.

File /root/catkin_cartographer/protobuf/build/CMakeFiles/CMakeTmp/CheckSymbolExists.c:
/* */
#include <pthread.h>

int main(int argc, char** argv)
{
  (void)argv;
#ifndef pthread_create
  return ((int*)(&pthread_create))[argc];
#else
  (void)argc;
  return 0;
#endif
}

Determining if the function pthread_create exists in the pthreads failed with the following output:
Change Dir: /root/catkin_cartographer/protobuf/build/CMakeFiles/CMakeTmp

Run Build Command:"/usr/bin/ninja" "cmTC_c1f46"
[1/2] Building C object CMakeFiles/cmTC_c1f46.dir/CheckFunctionExists.c.o
[2/2] Linking C executable cmTC_c1f46
FAILED: : && /usr/bin/cc  -DCHECK_FUNCTION_EXISTS=pthread_create   CMakeFiles/cmTC_c1f46.dir/CheckFunctionExists.c.o  -o cmTC_c1f46  -rdynamic -lpthreads && :
/usr/bin/ld: cannot find -lpthreads
collect2: error: ld returned 1 exit status
ninja: build stopped: subcommand failed.


