Determining if the pthread_create exist failed with the following output:
Change Dir: /root/catkin_cartographer/build_isolated/cartographer_ros_msgs/CMakeFiles/CMakeTmp

Run Build Command:"/usr/bin/ninja" "cmTC_b110d"
[1/2] Building C object CMakeFiles/cmTC_b110d.dir/CheckSymbolExists.c.o
[2/2] Linking C executable cmTC_b110d
FAILED: : && /usr/bin/cc     CMakeFiles/cmTC_b110d.dir/CheckSymbolExists.c.o  -o cmTC_b110d  -rdynamic && :
CMakeFiles/cmTC_b110d.dir/CheckSymbolExists.c.o: In function `main':
CheckSymbolExists.c:(.text+0x16): undefined reference to `pthread_create'
collect2: error: ld returned 1 exit status
ninja: build stopped: subcommand failed.

File /root/catkin_cartographer/build_isolated/cartographer_ros_msgs/CMakeFiles/CMakeTmp/CheckSymbolExists.c:
/* */
#include <pthread.h>

int main(int argc, char** argv)
{
  (void)argv;
#ifndef pthread_create
  return ((int*)(&pthread_create))[argc];
#else
  (void)argc;
  return 0;
#endif
}

Determining if the function pthread_create exists in the pthreads failed with the following output:
Change Dir: /root/catkin_cartographer/build_isolated/cartographer_ros_msgs/CMakeFiles/CMakeTmp

Run Build Command:"/usr/bin/ninja" "cmTC_95f28"
[1/2] Building C object CMakeFiles/cmTC_95f28.dir/CheckFunctionExists.c.o
[2/2] Linking C executable cmTC_95f28
FAILED: : && /usr/bin/cc  -DCHECK_FUNCTION_EXISTS=pthread_create   CMakeFiles/cmTC_95f28.dir/CheckFunctionExists.c.o  -o cmTC_95f28  -rdynamic -lpthreads && :
/usr/bin/ld: cannot find -lpthreads
collect2: error: ld returned 1 exit status
ninja: build stopped: subcommand failed.


